21:46:39 **** Incremental Build of configuration Debug for project Lab7 ****
make all 
Building file: ../src/main7.1.c
Invoking: MCU GCC Compiler
C:\Users\maxch\OneDrive\Desktop\git\MCSL\Lab7\Debug
arm-none-eabi-gcc -mcpu=cortex-m4 -mthumb -mfloat-abi=hard -mfpu=fpv4-sp-d16 -DSTM32 -DSTM32L4 -DSTM32L476RGTx -DNUCLEO_L476RG -DDEBUG -O0 -g3 -Wall -fmessage-length=0 -ffunction-sections -c -MMD -MP -MF"src/main7.1.d" -MT"src/main7.1.o" -o "src/main7.1.o" "../src/main7.1.c"
Finished building: ../src/main7.1.c
 
Building target: Lab7.elf
Invoking: MCU GCC Linker
arm-none-eabi-gcc -mcpu=cortex-m4 -mthumb -mfloat-abi=hard -mfpu=fpv4-sp-d16 -T"C:\Users\maxch\OneDrive\Desktop\git\MCSL\Lab7\LinkerScript.ld" -Wl,-Map=output.map -Wl,--gc-sections -o "Lab7.elf" @"objects.list"   -lm
Finished building target: Lab7.elf
 
make --no-print-directory post-build
Generating binary and Printing size information:
arm-none-eabi-objcopy -O binary "Lab7.elf" "Lab7.bin"
arm-none-eabi-size "Lab7.elf"
   text	   data	    bss	    dec	    hex	filename
   1896	   1080	   1092	   4068	    fe4	Lab7.elf
 
21:46:52 **** Incremental Build of configuration Debug for project Lab1 ****
make all 
make: Nothing to be done for 'all'.
21:46:52 **** Incremental Build of configuration Debug for project Lab2 ****
make all 
make: Nothing to be done for 'all'.
21:46:53 **** Incremental Build of configuration Debug for project Lab3 ****
make all 
make: Nothing to be done for 'all'.
21:46:53 **** Incremental Build of configuration Debug for project Lab4 ****
make all 
Building file: ../src/main4.2.s
Invoking: MCU GCC Assembler
C:\Users\maxch\OneDrive\Desktop\git\MCSL\Lab4\Debug
arm-none-eabi-as -mcpu=cortex-m4 -mthumb -mfloat-abi=hard -mfpu=fpv4-sp-d16 -g -o "src/main4.2.o" "../src/main4.2.s"
Finished building: ../src/main4.2.s
 
Building file: ../src/main4.3.s
Invoking: MCU GCC Assembler
C:\Users\maxch\OneDrive\Desktop\git\MCSL\Lab4\Debug
arm-none-eabi-as -mcpu=cortex-m4 -mthumb -mfloat-abi=hard -mfpu=fpv4-sp-d16 -g -o "src/main4.3.o" "../src/main4.3.s"
Finished building: ../src/main4.3.s
 
Building target: Lab4.elf
Invoking: MCU GCC Linker
arm-none-eabi-gcc -mcpu=cortex-m4 -mthumb -mfloat-abi=hard -mfpu=fpv4-sp-d16 -T"C:\Users\maxch\OneDrive\Desktop\git\MCSL\Lab4\LinkerScript.ld" -Wl,-Map=output.map -Wl,--gc-sections -o "Lab4.elf" @"objects.list"   -lm
Finished building target: Lab4.elf
 
make --no-print-directory post-build
Generating binary and Printing size information:
arm-none-eabi-objcopy -O binary "Lab4.elf" "Lab4.bin"
arm-none-eabi-size "Lab4.elf"
   text	   data	    bss	    dec	    hex	filename
   1144	   1088	   1092	   3324	    cfc	Lab4.elf
 
21:46:54 **** Incremental Build of configuration Debug for project Lab5 ****
make all 
make: Nothing to be done for 'all'.
21:46:54 **** Incremental Build of configuration Debug for project Lab6 ****
make all 
make: Nothing to be done for 'all'.
21:46:54 **** Incremental Build of configuration Debug for project Lab7 ****
make all 
make: Nothing to be done for 'all'.
21:46:55 **** Incremental Build of configuration Debug for project Midterm ****
make all 
make: Nothing to be done for 'all'.
