23:34:38 **** Build of configuration Debug for project wifi ****
make all 
Building file: ../startup/startup_stm32.s
Invoking: MCU GCC Assembler
C:\Users\maxch\OneDrive\Desktop\git\MCSL\wifi\Debug
arm-none-eabi-as -mcpu=cortex-m4 -mthumb -mfloat-abi=hard -mfpu=fpv4-sp-d16 -g -o "startup/startup_stm32.o" "../startup/startup_stm32.s"
Finished building: ../startup/startup_stm32.s
 
Building file: ../startup/sysmem.c
Invoking: MCU GCC Compiler
C:\Users\maxch\OneDrive\Desktop\git\MCSL\wifi\Debug
arm-none-eabi-gcc -mcpu=cortex-m4 -mthumb -mfloat-abi=hard -mfpu=fpv4-sp-d16 -DSTM32 -DSTM32L4 -DSTM32L476RGTx -DNUCLEO_L476RG -DDEBUG -O0 -g3 -Wall -fmessage-length=0 -ffunction-sections -c -MMD -MP -MF"startup/sysmem.d" -MT"startup/sysmem.o" -o "startup/sysmem.o" "../startup/sysmem.c"
Finished building: ../startup/sysmem.c
 
Building file: ../src/WiFiWebServer.c
Invoking: MCU GCC Compiler
C:\Users\maxch\OneDrive\Desktop\git\MCSL\wifi\Debug
arm-none-eabi-gcc -mcpu=cortex-m4 -mthumb -mfloat-abi=hard -mfpu=fpv4-sp-d16 -DSTM32 -DSTM32L4 -DSTM32L476RGTx -DNUCLEO_L476RG -DDEBUG -O0 -g3 -Wall -fmessage-length=0 -ffunction-sections -c -MMD -MP -MF"src/WiFiWebServer.d" -MT"src/WiFiWebServer.o" -o "src/WiFiWebServer.o" "../src/WiFiWebServer.c"
../src/WiFiWebServer.c:10:25: fatal error: ESP8266WiFi.h: No such file or directory
 #include <ESP8266WiFi.h>
                         ^
compilation terminated.
make: *** [src/WiFiWebServer.o] Error 1
src/subdir.mk:18: recipe for target 'src/WiFiWebServer.o' failed

23:34:39 Build Finished (took 809ms)

